ustc_movie_assistant/app/build/outputs/logs/manifest-merger-release-report.txt
-- Merging decision tree log ---
manifest
ADDED from src/main/AndroidManifest.xml:2:1-61:12
	package
		ADDED from src/main/AndroidManifest.xml:3:5-30
		INJECTED from src/main/AndroidManifest.xml
		INJECTED from src/main/AndroidManifest.xml
	android:versionName
		INJECTED from src/main/AndroidManifest.xml
		INJECTED from src/main/AndroidManifest.xml
	xmlns:android
		ADDED from src/main/AndroidManifest.xml:2:11-69
	android:versionCode
		INJECTED from src/main/AndroidManifest.xml
		INJECTED from src/main/AndroidManifest.xml
uses-permission#android.permission.INTERNET
ADDED from src/main/AndroidManifest.xml:5:5-67
	android:name
		ADDED from src/main/AndroidManifest.xml:5:22-64
uses-permission#android.permission.ACCESS_NETWORK_STATE
ADDED from src/main/AndroidManifest.xml:6:5-79
	android:name
		ADDED from src/main/AndroidManifest.xml:6:22-76
uses-permission#android.permission.READ_EXTERNAL_STORAGE
ADDED from src/main/AndroidManifest.xml:7:5-80
	android:name
		ADDED from src/main/AndroidManifest.xml:7:22-77
uses-permission#android.permission.WRITE_EXTERNAL_STORAGE
ADDED from src/main/AndroidManifest.xml:8:5-81
	android:name
		ADDED from src/main/AndroidManifest.xml:8:22-78
application
ADDED from src/main/AndroidManifest.xml:10:5-59:19
MERGED from [com.android.support:design:24.1.1] AndroidManifest.xml:22:5-20
MERGED from [com.android.support:support-v4:24.1.1] AndroidManifest.xml:25:5-20
MERGED from [com.android.support:appcompat-v7:24.1.1] AndroidManifest.xml:25:5-20
MERGED from [com.android.support:animated-vector-drawable:24.1.1] AndroidManifest.xml:22:5-20
MERGED from [com.android.support:support-vector-drawable:24.1.1] AndroidManifest.xml:23:5-20
MERGED from [com.android.support:cardview-v7:24.1.1] AndroidManifest.xml:22:5-20
MERGED from [com.udaye.library:pulltoload:1.0.0] AndroidManifest.xml:11:5-15:19
	android:label
		ADDED from src/main/AndroidManifest.xml:13:9-41
	android:supportsRtl
		ADDED from src/main/AndroidManifest.xml:14:9-35
	android:allowBackup
		ADDED from src/main/AndroidManifest.xml:11:9-35
	android:icon
		ADDED from src/main/AndroidManifest.xml:12:9-43
	android:theme
		ADDED from src/main/AndroidManifest.xml:15:9-40
activity#com.udaye.movie.ui.main.StartupActivity
ADDED from src/main/AndroidManifest.xml:16:9-25:20
	android:label
		ADDED from src/main/AndroidManifest.xml:18:13-45
	android:theme
		ADDED from src/main/AndroidManifest.xml:19:13-69
	android:name
		ADDED from src/main/AndroidManifest.xml:17:13-67
intent-filter#android.intent.action.MAIN+android.intent.category.LAUNCHER
ADDED from src/main/AndroidManifest.xml:20:13-24:29
action#android.intent.action.MAIN
ADDED from src/main/AndroidManifest.xml:21:17-69
	android:name
		ADDED from src/main/AndroidManifest.xml:21:25-66
category#android.intent.category.LAUNCHER
ADDED from src/main/AndroidManifest.xml:23:17-77
	android:name
		ADDED from src/main/AndroidManifest.xml:23:27-74
activity#com.udaye.movie.ui.main.MainActivity
ADDED from src/main/AndroidManifest.xml:26:9-29:47
	android:label
		ADDED from src/main/AndroidManifest.xml:28:13-45
	android:theme
		ADDED from src/main/AndroidManifest.xml:29:13-44
	android:name
		ADDED from src/main/AndroidManifest.xml:27:13-64
activity#com.udaye.movie.ui.main.MovieDetailActivity
ADDED from src/main/AndroidManifest.xml:31:9-35:54
	android:label
		ADDED from src/main/AndroidManifest.xml:33:13-55
	android:launchMode
		ADDED from src/main/AndroidManifest.xml:34:13-48
	android:theme
		ADDED from src/main/AndroidManifest.xml:35:13-51
	android:name
		ADDED from src/main/AndroidManifest.xml:32:13-71
activity#com.udaye.movie.ui.main.CelebrityActivity
ADDED from src/main/AndroidManifest.xml:36:9-40:54
	android:label
		ADDED from src/main/AndroidManifest.xml:38:13-33
	android:launchMode
		ADDED from src/main/AndroidManifest.xml:39:13-48
	android:theme
		ADDED from src/main/AndroidManifest.xml:40:13-51
	android:name
		ADDED from src/main/AndroidManifest.xml:37:13-69
activity#com.udaye.movie.ui.main.WebViewActivity
ADDED from src/main/AndroidManifest.xml:41:9-45:54
	android:label
		ADDED from src/main/AndroidManifest.xml:43:13-33
	android:launchMode
		ADDED from src/main/AndroidManifest.xml:44:13-48
	android:theme
		ADDED from src/main/AndroidManifest.xml:45:13-51
	android:name
		ADDED from src/main/AndroidManifest.xml:42:13-67
activity#com.udaye.movie.ui.main.SettingActivity
ADDED from src/main/AndroidManifest.xml:47:9-50:54
	android:label
		ADDED from src/main/AndroidManifest.xml:49:13-31
	android:theme
		ADDED from src/main/AndroidManifest.xml:50:13-51
	android:name
		ADDED from src/main/AndroidManifest.xml:48:13-67
provider#com.udaye.movie.data.contentprovider.MovieContentProvider
ADDED from src/main/AndroidManifest.xml:52:9-55:39
	android:authorities
		ADDED from src/main/AndroidManifest.xml:54:13-50
	android:exported
		ADDED from src/main/AndroidManifest.xml:55:13-36
	android:name
		ADDED from src/main/AndroidManifest.xml:53:13-85
uses-sdk
INJECTED from src/main/AndroidManifest.xml reason: use-sdk injection requested
MERGED from [com.android.support:design:24.1.1] AndroidManifest.xml:20:5-43
MERGED from [com.android.support:support-v4:24.1.1] AndroidManifest.xml:21:5-23:54
MERGED from [com.android.support:recyclerview-v7:24.1.1] AndroidManifest.xml:20:5-43
MERGED from [com.android.support:appcompat-v7:24.1.1] AndroidManifest.xml:21:5-23:78
MERGED from [com.android.support:animated-vector-drawable:24.1.1] AndroidManifest.xml:20:5-44
MERGED from [com.android.support:support-vector-drawable:24.1.1] AndroidManifest.xml:21:5-43
MERGED from [com.android.support:cardview-v7:24.1.1] AndroidManifest.xml:20:5-43
MERGED from [io.reactivex:rxandroid:1.2.1] AndroidManifest.xml:19:5-43
MERGED from [com.udaye.library:pulltoload:1.0.0] AndroidManifest.xml:7:5-9:41
	tools:overrideLibrary
		ADDED from [com.android.support:support-v4:24.1.1] AndroidManifest.xml:23:9-51
	android:targetSdkVersion
		INJECTED from src/main/AndroidManifest.xml
		INJECTED from src/main/AndroidManifest.xml
	android:minSdkVersion
		INJECTED from src/main/AndroidManifest.xml
		INJECTED from src/main/AndroidManifest.xml